[debug] [2025-07-31T03:16:28.485Z] ----------------------------------------------------------------------
[debug] [2025-07-31T03:16:28.493Z] Command:       D:\nvm\nodejs\node.exe D:\nvm\nodejs\node_modules\firebase-tools\lib\bin\firebase.js login --reauth
[debug] [2025-07-31T03:16:28.493Z] CLI Version:   14.11.2
[debug] [2025-07-31T03:16:28.493Z] Platform:      win32
[debug] [2025-07-31T03:16:28.494Z] Node Version:  v20.19.0
[debug] [2025-07-31T03:16:28.494Z] Time:          Thu Jul 31 2025 11:16:28 GMT+0800 (中国标准时间)
[debug] [2025-07-31T03:16:28.494Z] ----------------------------------------------------------------------
[debug] 
[info] 
[info] Visit this URL on this device to log in:
[info] https://accounts.google.com/o/oauth2/auth?client_id=563584335869-fgrhgmd47bqnekij5i8b5pr03ho849e6.apps.googleusercontent.com&scope=email%20openid%20https%3A%2F%2Fwww.googleapis.com%2Fauth%2Fcloudplatformprojects.readonly%20https%3A%2F%2Fwww.googleapis.com%2Fauth%2Ffirebase%20https%3A%2F%2Fwww.googleapis.com%2Fauth%2Fcloud-platform&response_type=code&state=1037991284&redirect_uri=http%3A%2F%2Flocalhost%3A9005
[info] 
[info] Waiting for authentication...
[debug] [2025-07-31T03:16:39.713Z] >>> [apiv2][query] POST https://accounts.google.com/o/oauth2/token [none]
[debug] [2025-07-31T03:16:39.714Z] >>> [apiv2][body] POST https://accounts.google.com/o/oauth2/token [omitted]
[debug] [2025-07-31T03:17:00.890Z] *** [apiv2] error from fetch(https://accounts.google.com/o/oauth2/token, {"headers":{},"method":"POST","body":{"_overheadLength":543,"_valueLength":208,"_valuesToMeasure":[],"writable":false,"readable":true,"dataSize":0,"maxDataSize":2097152,"pauseStreams":true,"_released":true,"_streams":[],"_currentStream":null,"_insideLoop":false,"_pendingNext":false,"_boundary":"--------------------------1e4ccd44fc55aafa815ee9ba","_events":{},"_eventsCount":1}}): FetchError: request to https://accounts.google.com/o/oauth2/token failed, reason: connect ETIMEDOUT 8.7.198.46:443
[debug] [2025-07-31T03:17:00.892Z] Token Fetch Error: FirebaseError: Failed to make request to https://accounts.google.com/o/oauth2/token
    at RetryOperation._fn (D:\nvm\nvm\v20.19.0\node_modules\firebase-tools\lib\apiv2.js:261:31)
    at process.processTicksAndRejections (node:internal/process/task_queues:95:5)
[error] Authentication Error: Your credentials are no longer valid. Please run firebase login --reauth

For CI servers and headless environments, generate a new token with firebase login:ci
[debug] [2025-07-31T03:17:00.919Z] >>> [apiv2][query] POST https://auth.firebase.tools/attest [none]
[debug] [2025-07-31T03:17:00.920Z] >>> [apiv2][body] POST https://auth.firebase.tools/attest {"session_id":"f93ebb9b-7e64-48a8-8832-147a2b4ff021"}
[debug] [2025-07-31T03:17:01.917Z] <<< [apiv2][status] POST https://auth.firebase.tools/attest 200
[debug] [2025-07-31T03:17:01.918Z] <<< [apiv2][body] POST https://auth.firebase.tools/attest {"token":"hOsImWpt9ma8Gy56FnC4hRGCWEejngQFxYWE7y7UY7c"}
[info] 
[info] To sign in to the Firebase CLI:
[info] 
[info] 1. Take note of your session ID:
[info] 
[info]    F93EB
[info] 
[info] 2. Visit the URL below on any device and follow the instructions to get your code:
[info] 
[info]    https://auth.firebase.tools/login?code_challenge=CFBq_VztP3ayanzD32_BiXMzFVKFt4IOh71_L7ogiQI&session=f93ebb9b-7e64-48a8-8832-147a2b4ff021&attest=hOsImWpt9ma8Gy56FnC4hRGCWEejngQFxYWE7y7UY7c
[info] 
[info] 3. Paste or enter the authorization code below once you have it:
[info] 
[debug] [2025-07-31T03:23:41.160Z] ExitPromptError: User force closed the prompt with SIGINT
    at Interface.sigint (D:\nvm\nvm\v20.19.0\node_modules\firebase-tools\node_modules\@inquirer\core\dist\commonjs\lib\create-prompt.js:101:37)
    at Interface.emit (node:events:524:28)
    at Interface.emit (node:domain:489:12)
    at [_ttyWrite] [as _ttyWrite] (node:internal/readline/interface:1125:18)
    at ReadStream.onkeypress (node:internal/readline/interface:264:20)
    at ReadStream.emit (node:events:536:35)
    at ReadStream.emit (node:domain:489:12)
    at emitKeys (node:internal/readline/utils:371:14)
    at emitKeys.next (<anonymous>)
    at ReadStream.onData (node:internal/readline/emitKeypressEvents:64:36)
[error] 
[error] Error: An unexpected error has occurred.
